{"name": "test_read_news_up_to_required_page_count", "status": "failed", "statusDetails": {"message": "AssertionError: assert 119 == 120\n  +119\n  -120", "trace": "self = <test_cases.test_news_page.TestNewsReading object at 0x02664718>\n\n    @allure.severity(allure.severity_level.CRITICAL)\n    def test_read_news_up_to_required_page_count(self):\n    \texpected_news_entries_count = 120\n    \tnews_page = NewsPage(driver)\n    \tnews_with_points = news_page.read_news_up_to_page(4)\n    \tNewsPage.print_news(news_with_points)\n    \tNewsPage.print_heading_with_highest_points(news_with_points)\n    \tNewsPage.print_most_occurring_word_in_news(news_with_points)\n>   \tassert len(news_with_points) == expected_news_entries_count\nE    assert 119 == 120\nE      +119\nE      -120\n\ntest_cases\\test_news_page.py:38: AssertionError"}, "start": 1598254937768, "stop": 1598254967347, "uuid": "a4f9cc9a-9513-44fc-aff4-0342d1222e57", "historyId": "bf7e5798ac8a44be5899fdc5aaf21f51", "testCaseId": "6ff0aee2e2c3182b9a7c5322c1b1edd9", "fullName": "test_cases.test_news_page.TestNewsReading#test_read_news_up_to_required_page_count", "labels": [{"name": "severity", "value": "critical"}, {"name": "tag", "value": "@pytest.mark.usefixtures('get_driver_object')"}, {"name": "parentSuite", "value": "test_cases"}, {"name": "suite", "value": "test_news_page"}, {"name": "subSuite", "value": "TestNewsReading"}, {"name": "host", "value": "VIGNESH-PC"}, {"name": "thread", "value": "216-MainThread"}, {"name": "framework", "value": "pytest"}, {"name": "language", "value": "cpython3"}, {"name": "package", "value": "test_cases.test_news_page"}]}